<?xml version="1.0" encoding="UTF-8"?>
<testng-results skipped="0" failed="0" ignored="1" total="1" passed="0">
  <reporter-output>
  </reporter-output>
  <suite name="com.zapprx.testing.end2endtests.automation.reporting.ResultsIT" duration-ms="5" started-at="2017-04-10T07:32:17Z" finished-at="2017-04-10T07:32:17Z">
    <groups>
    </groups>
    <test name="Command line test" duration-ms="5" started-at="2017-04-10T07:32:17Z" finished-at="2017-04-10T07:32:17Z">
    </test> <!-- Command line test -->
  </suite> <!-- com.zapprx.testing.end2endtests.automation.reporting.ResultsIT -->
</testng-results>
