<?xml version="1.0" encoding="UTF-8"?>
<!-- Generated by org.testng.reporters.JUnitXMLReporter -->
<testsuite hostname="LAB00W7FCA-15" ignored="0" name="TC_03_DoctorUpdatePatient_Test" tests="2" failures="0" timestamp="10 Apr 2017 07:32:15 GMT" time="0.001" errors="0">
  <testcase name="@BeforeClass Start_Test_Session" time="0.0" classname="com.zapprx.testing.end2endtests.basetests.BaseTest">
    <skipped/>
  </testcase> <!-- @BeforeClass Start_Test_Session -->
  <testcase name="@BeforeMethod testMethodName" time="0.0" classname="com.zapprx.testing.end2endtests.basetests.BaseTest">
    <skipped/>
  </testcase> <!-- @BeforeMethod testMethodName -->
  <testcase name="@BeforeMethod testMethodName" time="0.0" classname="com.zapprx.testing.end2endtests.basetests.BaseTest">
    <skipped/>
  </testcase> <!-- @BeforeMethod testMethodName -->
  <testcase name="@AfterClass delete_Patient" time="0.0" classname="com.zapprx.testing.end2endtests.functional.physician.DoctorUpdatePatientTest">
    <skipped/>
  </testcase> <!-- @AfterClass delete_Patient -->
  <testcase name="@AfterClass close_Test_Session" time="0.0" classname="com.zapprx.testing.end2endtests.basetests.BaseTest">
    <skipped/>
  </testcase> <!-- @AfterClass close_Test_Session -->
  <testcase name="Step01_registerPatientAndCompleteProfile" time="0.0" classname="com.zapprx.testing.end2endtests.functional.physician.DoctorUpdatePatientTest">
    <skipped/>
  </testcase> <!-- Step01_registerPatientAndCompleteProfile -->
  <testcase name="Step02_searchPatientToUpdateAddressAndVerify" time="0.0" classname="com.zapprx.testing.end2endtests.functional.physician.DoctorUpdatePatientTest">
    <skipped/>
  </testcase> <!-- Step02_searchPatientToUpdateAddressAndVerify -->
</testsuite> <!-- TC_03_DoctorUpdatePatient_Test -->
