<?xml version="1.0" encoding="UTF-8"?>
<!-- Generated by org.testng.reporters.JUnitXMLReporter -->
<testsuite hostname="LAB00W7FCA-15" ignored="0" name="TC_04_Patient_Login_Test" tests="3" failures="0" timestamp="10 Apr 2017 07:32:15 GMT" time="0.002" errors="0">
  <testcase name="@BeforeClass Start_Test_Session" time="0.0" classname="com.zapprx.testing.end2endtests.basetests.BaseTest">
    <skipped/>
  </testcase> <!-- @BeforeClass Start_Test_Session -->
  <testcase name="@BeforeMethod testMethodName" time="0.0" classname="com.zapprx.testing.end2endtests.basetests.BaseTest">
    <skipped/>
  </testcase> <!-- @BeforeMethod testMethodName -->
  <testcase name="@BeforeMethod testMethodName" time="0.0" classname="com.zapprx.testing.end2endtests.basetests.BaseTest">
    <skipped/>
  </testcase> <!-- @BeforeMethod testMethodName -->
  <testcase name="@BeforeMethod testMethodName" time="0.0" classname="com.zapprx.testing.end2endtests.basetests.BaseTest">
    <skipped/>
  </testcase> <!-- @BeforeMethod testMethodName -->
  <testcase name="@AfterClass close_Test_Session" time="0.0" classname="com.zapprx.testing.end2endtests.basetests.BaseTest">
    <skipped/>
  </testcase> <!-- @AfterClass close_Test_Session -->
  <testcase name="Step01_Login_As_Patient" time="0.0" classname="com.zapprx.testing.end2endtests.functional.patient.PatientLoginTest">
    <skipped/>
  </testcase> <!-- Step01_Login_As_Patient -->
  <testcase name="Step02_User_Is_On_HomePage" time="0.0" classname="com.zapprx.testing.end2endtests.functional.patient.PatientLoginTest">
    <skipped/>
  </testcase> <!-- Step02_User_Is_On_HomePage -->
  <testcase name="Step3_User_LogOut" time="0.0" classname="com.zapprx.testing.end2endtests.functional.patient.PatientLoginTest">
    <skipped/>
  </testcase> <!-- Step3_User_LogOut -->
</testsuite> <!-- TC_04_Patient_Login_Test -->
