-------------------------------------------------------------------------------
Test set: TestSuite
-------------------------------------------------------------------------------
Tests run: 43, Failures: 1, Errors: 0, Skipped: 42, Time elapsed: 2.585 sec <<< FAILURE!
savePhysicianSignature(com.zapprx.testing.end2endtests.regression.PhysicianProfile.SaveSigPhysicianProfileTest)  Time elapsed: 0 sec  <<< FAILURE!
java.lang.ExceptionInInitializerError
	at org.openqa.selenium.firefox.FirefoxProfile.layoutOnDisk(FirefoxProfile.java:416)
	at org.openqa.selenium.firefox.internal.NewProfileExtensionConnection.start(NewProfileExtensionConnection.java:85)
	at org.openqa.selenium.firefox.FirefoxDriver.startClient(FirefoxDriver.java:271)
	at org.openqa.selenium.remote.RemoteWebDriver.<init>(RemoteWebDriver.java:119)
	at org.openqa.selenium.firefox.FirefoxDriver.<init>(FirefoxDriver.java:216)
	at org.openqa.selenium.firefox.FirefoxDriver.<init>(FirefoxDriver.java:211)
	at org.openqa.selenium.firefox.FirefoxDriver.<init>(FirefoxDriver.java:207)
	at org.openqa.selenium.firefox.FirefoxDriver.<init>(FirefoxDriver.java:124)
	at com.zapprx.testing.end2endtests.automation.WebDriverFactory.getFirefoxDriver(WebDriverFactory.java:124)
	at com.zapprx.testing.end2endtests.automation.WebDriverFactory.getDriver(WebDriverFactory.java:38)
	at com.zapprx.testing.end2endtests.automation.TestSessionInitiator._configureBrowser(TestSessionInitiator.java:150)
	at com.zapprx.testing.end2endtests.automation.TestSessionInitiator.testInitiator(TestSessionInitiator.java:143)
	at com.zapprx.testing.end2endtests.automation.TestSessionInitiator.<init>(TestSessionInitiator.java:138)
	at com.zapprx.testing.end2endtests.regression.PhysicianProfile.SaveSigPhysicianProfileTest.savePhysicianSignature(SaveSigPhysicianProfileTest.java:21)
Caused by: org.openqa.selenium.WebDriverException: Unable to find tmp dir: F:\tmp
Build info: version: '2.53.1', revision: 'a36b8b1cd5757287168e54b817830adce9b0158d', time: '2016-06-30 19:26:09'
System info: host: 'LAB00W7FCA-15', ip: '172.20.3.175', os.name: 'Windows 7', os.arch: 'amd64', os.version: '6.1', java.version: '1.8.0_60'
Driver info: driver.version: FirefoxDriver
	at org.openqa.selenium.io.TemporaryFilesystem.<init>(TemporaryFilesystem.java:65)
	at org.openqa.selenium.io.TemporaryFilesystem.<clinit>(TemporaryFilesystem.java:42)
	... 42 more
