<?xml version="1.0" encoding="UTF-8" ?>
<testsuite tests="43" failures="1" name="TestSuite" time="2.586" errors="0" skipped="42">
  <properties>
[...]
</properties>
  <testcase classname="com.zapprx.testing.end2endtests.regression.PhysicianProfile.SaveSigPhysicianProfileTest" name="savePhysicianSignature" time="0">
    <failure type="java.lang.ExceptionInInitializerError">java.lang.ExceptionInInitializerError
	at org.openqa.selenium.firefox.FirefoxProfile.layoutOnDisk(FirefoxProfile.java:416)
	at org.openqa.selenium.firefox.internal.NewProfileExtensionConnection.start(NewProfileExtensionConnection.java:85)
	at org.openqa.selenium.firefox.FirefoxDriver.startClient(FirefoxDriver.java:271)
	at org.openqa.selenium.remote.RemoteWebDriver.&lt;init&gt;(RemoteWebDriver.java:119)
	at org.openqa.selenium.firefox.FirefoxDriver.&lt;init&gt;(FirefoxDriver.java:216)
	at org.openqa.selenium.firefox.FirefoxDriver.&lt;init&gt;(FirefoxDriver.java:211)
	at org.openqa.selenium.firefox.FirefoxDriver.&lt;init&gt;(FirefoxDriver.java:207)
	at org.openqa.selenium.firefox.FirefoxDriver.&lt;init&gt;(FirefoxDriver.java:124)
	at com.zapprx.testing.end2endtests.automation.WebDriverFactory.getFirefoxDriver(WebDriverFactory.java:124)
	at com.zapprx.testing.end2endtests.automation.WebDriverFactory.getDriver(WebDriverFactory.java:38)
	at com.zapprx.testing.end2endtests.automation.TestSessionInitiator._configureBrowser(TestSessionInitiator.java:150)
	at com.zapprx.testing.end2endtests.automation.TestSessionInitiator.testInitiator(TestSessionInitiator.java:143)
	at com.zapprx.testing.end2endtests.automation.TestSessionInitiator.&lt;init&gt;(TestSessionInitiator.java:138)
	at com.zapprx.testing.end2endtests.regression.PhysicianProfile.SaveSigPhysicianProfileTest.savePhysicianSignature(SaveSigPhysicianProfileTest.java:21)
Caused by: org.openqa.selenium.WebDriverException: Unable to find tmp dir: F:\tmp
Build info: version: &apos;2.53.1&apos;, revision: &apos;a36b8b1cd5757287168e54b817830adce9b0158d&apos;, time: &apos;2016-06-30 19:26:09&apos;
System info: host: &apos;LAB00W7FCA-15&apos;, ip: &apos;172.20.3.175&apos;, os.name: &apos;Windows 7&apos;, os.arch: &apos;amd64&apos;, os.version: &apos;6.1&apos;, java.version: &apos;1.8.0_60&apos;
Driver info: driver.version: FirefoxDriver
	at org.openqa.selenium.io.TemporaryFilesystem.&lt;init&gt;(TemporaryFilesystem.java:65)
	at org.openqa.selenium.io.TemporaryFilesystem.&lt;clinit&gt;(TemporaryFilesystem.java:42)
	... 42 more
</failure>
    <system-out>[TestNGContentHandler] [WARN] It is strongly recommended to add &quot;&lt;!DOCTYPE suite SYSTEM &quot;http://testng.org/testng-1.0.dtd&quot; &gt;&quot; at the top of your file, otherwise TestNG may fail or not work as expected.
Tier ::local
yaml file path ::src/com/zapprx/testing/end2endtests/main/resources/testdata/LocalEnv_TestData.yml
</system-out>
  </testcase>
  <testcase classname="com.zapprx.testing.end2endtests.functional.physician.PhysicianLoginTest" name="Start_Test_Session" time="0.073">
    <skipped/>
  </testcase>
  <testcase classname="com.zapprx.testing.end2endtests.functional.physician.PhysicianLoginTest" name="testMethodName" time="0.112">
    <skipped/>
  </testcase>
  <testcase classname="com.zapprx.testing.end2endtests.functional.physician.PhysicianLoginTest" name="Step01_Login_As_Physician" time="0.112">
    <skipped/>
  </testcase>
  <testcase classname="com.zapprx.testing.end2endtests.functional.physician.PhysicianLoginTest" name="testMethodName" time="0.112">
    <skipped/>
  </testcase>
  <testcase classname="com.zapprx.testing.end2endtests.functional.physician.PhysicianLoginTest" name="Step02_User_Is_On_HomePage" time="0.113">
    <skipped/>
  </testcase>
  <testcase classname="com.zapprx.testing.end2endtests.functional.physician.PhysicianLoginTest" name="testMethodName" time="0.113">
    <skipped/>
  </testcase>
  <testcase classname="com.zapprx.testing.end2endtests.functional.physician.PhysicianLoginTest" name="Step03_User_LogOut" time="0.113">
    <skipped/>
  </testcase>
  <testcase classname="com.zapprx.testing.end2endtests.functional.physician.PhysicianLoginTest" name="close_Test_Session" time="0.113">
    <skipped/>
  </testcase>
  <testcase classname="com.zapprx.testing.end2endtests.functional.physician.DoctorRegisterAndPrescribeTest" name="Start_Test_Session" time="0.138">
    <skipped/>
  </testcase>
  <testcase classname="com.zapprx.testing.end2endtests.functional.physician.DoctorRegisterAndPrescribeTest" name="testMethodName" time="0.138">
    <skipped/>
  </testcase>
  <testcase classname="com.zapprx.testing.end2endtests.functional.physician.DoctorRegisterAndPrescribeTest" name="Step01_registerPatientAndCompleteProfile" time="0.139">
    <skipped/>
  </testcase>
  <testcase classname="com.zapprx.testing.end2endtests.functional.physician.DoctorRegisterAndPrescribeTest" name="testMethodName" time="0.14">
    <skipped/>
  </testcase>
  <testcase classname="com.zapprx.testing.end2endtests.functional.physician.DoctorRegisterAndPrescribeTest" name="Step02_prescribePatient" time="0.14">
    <skipped/>
  </testcase>
  <testcase classname="com.zapprx.testing.end2endtests.functional.physician.DoctorRegisterAndPrescribeTest" name="delete_Patient" time="0.148">
    <skipped/>
  </testcase>
  <testcase classname="com.zapprx.testing.end2endtests.functional.physician.DoctorRegisterAndPrescribeTest" name="close_Test_Session" time="0.148">
    <skipped/>
  </testcase>
  <testcase classname="com.zapprx.testing.end2endtests.functional.physician.DoctorUpdatePatientTest" name="Start_Test_Session" time="0.182">
    <skipped/>
  </testcase>
  <testcase classname="com.zapprx.testing.end2endtests.functional.physician.DoctorUpdatePatientTest" name="testMethodName" time="0.182">
    <skipped/>
  </testcase>
  <testcase classname="com.zapprx.testing.end2endtests.functional.physician.DoctorUpdatePatientTest" name="Step01_registerPatientAndCompleteProfile" time="0.182">
    <skipped/>
  </testcase>
  <testcase classname="com.zapprx.testing.end2endtests.functional.physician.DoctorUpdatePatientTest" name="testMethodName" time="0.182">
    <skipped/>
  </testcase>
  <testcase classname="com.zapprx.testing.end2endtests.functional.physician.DoctorUpdatePatientTest" name="Step02_searchPatientToUpdateAddressAndVerify" time="0.182">
    <skipped/>
  </testcase>
  <testcase classname="com.zapprx.testing.end2endtests.functional.physician.DoctorUpdatePatientTest" name="delete_Patient" time="0.182">
    <skipped/>
  </testcase>
  <testcase classname="com.zapprx.testing.end2endtests.functional.physician.DoctorUpdatePatientTest" name="close_Test_Session" time="0.182">
    <skipped/>
  </testcase>
  <testcase classname="com.zapprx.testing.end2endtests.functional.patient.PatientLoginTest" name="Start_Test_Session" time="0.212">
    <skipped/>
  </testcase>
  <testcase classname="com.zapprx.testing.end2endtests.functional.patient.PatientLoginTest" name="testMethodName" time="0.212">
    <skipped/>
  </testcase>
  <testcase classname="com.zapprx.testing.end2endtests.functional.patient.PatientLoginTest" name="Step01_Login_As_Patient" time="0.212">
    <skipped/>
  </testcase>
  <testcase classname="com.zapprx.testing.end2endtests.functional.patient.PatientLoginTest" name="testMethodName" time="0.214">
    <skipped/>
  </testcase>
  <testcase classname="com.zapprx.testing.end2endtests.functional.patient.PatientLoginTest" name="Step02_User_Is_On_HomePage" time="0.214">
    <skipped/>
  </testcase>
  <testcase classname="com.zapprx.testing.end2endtests.functional.patient.PatientLoginTest" name="testMethodName" time="0.214">
    <skipped/>
  </testcase>
  <testcase classname="com.zapprx.testing.end2endtests.functional.patient.PatientLoginTest" name="Step3_User_LogOut" time="0.214">
    <skipped/>
  </testcase>
  <testcase classname="com.zapprx.testing.end2endtests.functional.patient.PatientLoginTest" name="close_Test_Session" time="0.214">
    <skipped/>
  </testcase>
  <testcase classname="com.zapprx.testing.end2endtests.functional.pharmacy.PharmacyLoginTest" name="Start_Test_Session" time="0.243">
    <skipped/>
  </testcase>
  <testcase classname="com.zapprx.testing.end2endtests.functional.pharmacy.PharmacyLoginTest" name="testMethodName" time="0.243">
    <skipped/>
  </testcase>
  <testcase classname="com.zapprx.testing.end2endtests.functional.pharmacy.PharmacyLoginTest" name="Step01_Login_As_Pharmacy" time="0.243">
    <skipped/>
  </testcase>
  <testcase classname="com.zapprx.testing.end2endtests.functional.pharmacy.PharmacyLoginTest" name="testMethodName" time="0.243">
    <skipped/>
  </testcase>
  <testcase classname="com.zapprx.testing.end2endtests.functional.pharmacy.PharmacyLoginTest" name="Step02_User_Is_On_HomePage" time="0.243">
    <skipped/>
  </testcase>
  <testcase classname="com.zapprx.testing.end2endtests.functional.pharmacy.PharmacyLoginTest" name="testMethodName" time="0.243">
    <skipped/>
  </testcase>
  <testcase classname="com.zapprx.testing.end2endtests.functional.pharmacy.PharmacyLoginTest" name="Step03_User_LogOut" time="0.243">
    <skipped/>
  </testcase>
  <testcase classname="com.zapprx.testing.end2endtests.functional.pharmacy.PharmacyLoginTest" name="close_Test_Session" time="0.243">
    <skipped/>
  </testcase>
  <testcase classname="com.zapprx.testing.end2endtests.functional.admin.ZQ201Test" name="Start_Test_Session" time="0.281">
    <skipped/>
  </testcase>
  <testcase classname="com.zapprx.testing.end2endtests.functional.admin.ZQ201Test" name="testMethodName" time="0.281">
    <skipped/>
  </testcase>
  <testcase classname="com.zapprx.testing.end2endtests.functional.admin.ZQ201Test" name="Step01_loginAdminAndVerifyHomePage" time="0.281">
    <skipped/>
  </testcase>
  <testcase classname="com.zapprx.testing.end2endtests.functional.admin.ZQ201Test" name="close_Test_Session" time="0.281">
    <skipped/>
  </testcase>
</testsuite>