<?xml version="1.0" encoding="UTF-8"?>
<testng-results skipped="0" failed="0" total="4" passed="4">
  <reporter-output>
    <line>
      <![CDATA[***** STARTING TEST CLASS:- ZQ183Test *****]]>
    </line>
    <line>
      <![CDATA[
The application url is :- http://localhost:8084/physician]]>
    </line>
    <line>
      <![CDATA[The test browser is :- firefox
]]>
    </line>
    <line>
      <![CDATA[ ]]>
    </line>
    <line>
      <![CDATA[***** STARTING TEST STEP:- Step01_registerPatientAndCompleteProfile *****]]>
    </line>
    <line>
      <![CDATA[ ]]>
    </line>
    <line>
      <![CDATA[Assertion Passed: PageTitle for ZappRx Clinician Management is exactly: 'ZappRx Clinician Management'.]]>
    </line>
    <line>
      <![CDATA[[2017-04-04] [17:33:22:876] User is on ZappRx Clinician ManagementPage]]>
    </line>
    <line>
      <![CDATA[[2017-04-04] [17:33:23:072] User enters lindsay.goldman@zapprx.com on Login Page]]>
    </line>
    <line>
      <![CDATA[[2017-04-04] [17:33:23:200] User enters password on Login Page]]>
    </line>
    <line>
      <![CDATA[[2017-04-04] [17:33:23:298] User clicks on Sign in button]]>
    </line>
    <line>
      <![CDATA[[2017-04-04] [17:33:25:008] Assertion Passed: element headerTxt is displayed.]]>
    </line>
    <line>
      <![CDATA[[2017-04-04] [17:33:25:044] Assertion Passed : Header Clinician Management is getting displayed on Home Page]]>
    </line>
    <line>
      <![CDATA[[2017-04-04] [17:33:25:117] Assertion Passed: element link_register is displayed.]]>
    </line>
    <line>
      <![CDATA[[2017-04-04] [17:33:25:164] Physician clicks on Register to create a new patient]]>
    </line>
    <line>
      <![CDATA[[2017-04-04] [17:33:25:494] User enter FirstName in First Name field]]>
    </line>
    <line>
      <![CDATA[[2017-04-04] [17:33:25:646] User enter Last1491307405164 in Last Name field]]>
    </line>
    <line>
      <![CDATA[[2017-04-04] [17:33:26:876] User enter date 06/08/1976 in Date of Birth field]]>
    </line>
    <line>
      <![CDATA[[2017-04-04] [17:33:27:058] User selects Male from Gender dropdown]]>
    </line>
    <line>
      <![CDATA[[2017-04-04] [17:33:27:111] User clicks on Save Patient]]>
    </line>
    <line>
      <![CDATA[[2017-04-04] [17:33:27:710] User clicks on Complete Profile]]>
    </line>
    <line>
      <![CDATA[[2017-04-04] [17:33:28:898] Assertion Passed: User is on New Patient Registration Page]]>
    </line>
    <line>
      <![CDATA[[2017-04-04] [17:33:28:951] Assertion Passed: element inp_mrn is displayed.]]>
    </line>
    <line>
      <![CDATA[[2017-04-04] [17:33:29:107] Usr enters value in medical record number]]>
    </line>
    <line>
      <![CDATA[[2017-04-04] [17:33:29:353] User enter FirstNameLast1491307405164@zapprx.com in login Email field]]>
    </line>
    <line>
      <![CDATA[[2017-04-04] [17:33:29:483] User enter value in Password field]]>
    </line>
    <line>
      <![CDATA[[2017-04-04] [17:33:29:587] User enter value in Confirm Password field]]>
    </line>
    <line>
      <![CDATA[[2017-04-04] [17:33:29:687] User enter value in Height field]]>
    </line>
    <line>
      <![CDATA[[2017-04-04] [17:33:29:844] User enter value in Weight field]]>
    </line>
    <line>
      <![CDATA[[2017-04-04] [17:33:30:065] User selects inches from Height Units dropdown]]>
    </line>
    <line>
      <![CDATA[[2017-04-04] [17:33:30:248] User selects kgs from Weight Units dropdown]]>
    </line>
    <line>
      <![CDATA[[2017-04-04] [17:33:30:248] User enters name in Contact Name field]]>
    </line>
    <line>
      <![CDATA[[2017-04-04] [17:33:30:387] User enter text in Address1 field]]>
    </line>
    <line>
      <![CDATA[[2017-04-04] [17:33:30:514] User enter text in City field]]>
    </line>
    <line>
      <![CDATA[[2017-04-04] [17:33:30:666] User selects MA from State dropdown]]>
    </line>
    <line>
      <![CDATA[[2017-04-04] [17:33:30:760] User enter value in Zip field]]>
    </line>
    <line>
      <![CDATA[[2017-04-04] [17:33:30:973] User enter value inFirstNameLast1491307405164@zapprx.comEmail field]]>
    </line>
    <line>
      <![CDATA[[2017-04-04] [17:33:31:084] User enter value in Main Phone field]]>
    </line>
    <line>
      <![CDATA[[2017-04-04] [17:33:31:238] User enter value in Contact Name field]]>
    </line>
    <line>
      <![CDATA[[2017-04-04] [17:33:31:346] User enter value in Relationship field]]>
    </line>
    <line>
      <![CDATA[[2017-04-04] [17:33:31:455] User enter value in Phone field]]>
    </line>
    <line>
      <![CDATA[[2017-04-04] [17:33:31:567] User clicks on Add Insurance button]]>
    </line>
    <line>
      <![CDATA[[2017-04-04] [17:33:31:782] Assertion Passed: element txt_breadcrumb is displayed.]]>
    </line>
    <line>
      <![CDATA[[2017-04-04] [17:33:31:798] Assertion Passed: User is on Insurance Information Page]]>
    </line>
    <line>
      <![CDATA[[2017-04-04] [17:33:32:356] User enter value Blue Cross Blue Shield in Insurance Company Name field]]>
    </line>
    <line>
      <![CDATA[[2017-04-04] [17:33:32:538] User selects valueFL in State field]]>
    </line>
    <line>
      <![CDATA[[2017-04-04] [17:33:32:648] User enter value Phone field]]>
    </line>
    <line>
      <![CDATA[[2017-04-04] [17:33:32:731] User enter value in Policy Id field]]>
    </line>
    <line>
      <![CDATA[[2017-04-04] [17:33:32:840] User enter value FLBCS in Group Number field]]>
    </line>
    <line>
      <![CDATA[[2017-04-04] [17:33:33:001] User selects Self from 'Policy Holder Relationship' dropdown]]>
    </line>
    <line>
      <![CDATA[[2017-04-04] [17:33:33:211] User enter value in Policy Holder Employer Name field]]>
    </line>
    <line>
      <![CDATA[[2017-04-04] [17:33:33:271] TEST PASSED: element btn_next with text Clinical is displayed.]]>
    </line>
    <line>
      <![CDATA[[2017-04-04] [17:33:33:284] User clicks on Step 3: Clinical button]]>
    </line>
    <line>
      <![CDATA[[2017-04-04] [17:33:33:444] Assertion Passed: element txt_breadcrumb is displayed.]]>
    </line>
    <line>
      <![CDATA[[2017-04-04] [17:33:33:470] Assertion Passed: User is on Clinical Information Page]]>
    </line>
    <line>
      <![CDATA[[2017-04-04] [17:33:33:555] User enter value Iodine in Known Drug Allergies]]>
    </line>
    <line>
      <![CDATA[[2017-04-04] [17:33:33:699] User selects No from 'Is the patient diabetic?'  dropdown]]>
    </line>
    <line>
      <![CDATA[[2017-04-04] [17:33:33:831] User selects Yes from 'Does the patient have high blood pressure?' dropdown]]>
    </line>
    <line>
      <![CDATA[[2017-04-04] [17:33:33:959] User selects Yes from 'Does the patient have latex allergy?' dropdown]]>
    </line>
    <line>
      <![CDATA[[2017-04-04] [17:33:33:971] User clicks on Complete Registration]]>
    </line>
    <line>
      <![CDATA[[2017-04-04] [17:33:36:350] User clicks on Home button]]>
    </line>
    <line>
      <![CDATA[[2017-04-04] [17:33:36:931] Assertion Passed: element link_patients is displayed.]]>
    </line>
    <line>
      <![CDATA[[2017-04-04] [17:33:37:529] user clicks on Patients]]>
    </line>
    <line>
      <![CDATA[[2017-04-04] [17:33:37:733] Assertion Passed: element inp_search is displayed.]]>
    </line>
    <line>
      <![CDATA[[2017-04-04] [17:33:37:924] User enter the Last1491307405164 in the search field]]>
    </line>
    <line>
      <![CDATA[[2017-04-04] [17:33:38:005] Assertion Passed: element btn_searchIcon is displayed.]]>
    </line>
    <line>
      <![CDATA[[2017-04-04] [17:33:39:495] User click on Search Icon]]>
    </line>
    <line>
      <![CDATA[[2017-04-04] [17:33:39:620] TEST PASSED: element txt_patientName with text Last1491307405164 is displayed.]]>
    </line>
    <line>
      <![CDATA[[2017-04-04] [17:33:39:653] Assertion Passed : Patient Name is getting displayed]]>
    </line>
    <line>
      <![CDATA[[2017-04-04] [17:33:40:201] User clicks on LogOut]]>
    </line>
    <line>
      <![CDATA[Assertion Passed: PageTitle for ZappRx Clinician Management is exactly: 'ZappRx Clinician Management'.]]>
    </line>
    <line>
      <![CDATA[[2017-04-04] [17:33:40:745] User is on ZappRx Clinician ManagementPage]]>
    </line>
    <line>
      <![CDATA[ ]]>
    </line>
    <line>
      <![CDATA[***** STARTING TEST STEP:- Step02_loginPatientAndModifyInPatient *****]]>
    </line>
    <line>
      <![CDATA[ ]]>
    </line>
    <line>
      <![CDATA[[2017-04-04] [17:33:45:408] User enters FirstNameLast1491307405164@zapprx.com on Login Page]]>
    </line>
    <line>
      <![CDATA[[2017-04-04] [17:33:45:518] User enters password on Login Page]]>
    </line>
    <line>
      <![CDATA[[2017-04-04] [17:33:45:594] User clicks on Sign in button]]>
    </line>
    <line>
      <![CDATA[[2017-04-04] [17:33:47:209] Assertion Passed: element headerTxt is displayed.]]>
    </line>
    <line>
      <![CDATA[[2017-04-04] [17:33:47:229] Assertion Passed : Header Patient Management is getting displayed on Home Page]]>
    </line>
    <line>
      <![CDATA[[2017-04-04] [17:33:47:333] User clicks on Profile on left navigation bar]]>
    </line>
    <line>
      <![CDATA[[2017-04-04] [17:33:47:858] TEST PASSED: element span_tab with text Medical is displayed.]]>
    </line>
    <line>
      <![CDATA[[2017-04-04] [17:33:47:932] User clicks on Medical Tab]]>
    </line>
    <line>
      <![CDATA[[2017-04-04] [17:33:48:076] User clicks on Edit Profile]]>
    </line>
    <line>
      <![CDATA[[2017-04-04] [17:33:48:195] User selects Yes from In-Patient dropdown]]>
    </line>
    <line>
      <![CDATA[[2017-04-04] [17:33:48:311] User clicks on Save]]>
    </line>
    <line>
      <![CDATA[[2017-04-04] [17:33:48:348] Assertion Passed: element span_drpdwnProfile is displayed.]]>
    </line>
    <line>
      <![CDATA[[2017-04-04] [17:33:48:369] User clicks on LogOut at Patient End]]>
    </line>
    <line>
      <![CDATA[Assertion Passed: PageTitle for ZappRx Patient Portal is exactly: 'ZappRx Patient Portal'.]]>
    </line>
    <line>
      <![CDATA[[2017-04-04] [17:33:48:608] User is on ZappRx Patient PortalPage]]>
    </line>
    <line>
      <![CDATA[ ]]>
    </line>
    <line>
      <![CDATA[***** STARTING TEST STEP:- Step03_physicianPrescibeMedAndAuthorize *****]]>
    </line>
    <line>
      <![CDATA[ ]]>
    </line>
    <line>
      <![CDATA[[2017-04-04] [17:33:50:658] User refreshed the page]]>
    </line>
    <line>
      <![CDATA[[2017-04-04] [17:33:53:252] User enters lindsay.goldman@zapprx.com on Login Page]]>
    </line>
    <line>
      <![CDATA[[2017-04-04] [17:33:53:335] User enters password on Login Page]]>
    </line>
    <line>
      <![CDATA[[2017-04-04] [17:33:53:435] User clicks on Sign in button]]>
    </line>
    <line>
      <![CDATA[[2017-04-04] [17:33:55:082] Assertion Passed: element headerTxt is displayed.]]>
    </line>
    <line>
      <![CDATA[[2017-04-04] [17:33:55:110] Assertion Passed : Header Clinician Management is getting displayed on Home Page]]>
    </line>
    <line>
      <![CDATA[[2017-04-04] [17:33:55:664] Assertion Passed: element link_patients is displayed.]]>
    </line>
    <line>
      <![CDATA[[2017-04-04] [17:33:56:343] user clicks on Patients]]>
    </line>
    <line>
      <![CDATA[[2017-04-04] [17:33:56:426] Assertion Passed: element inp_search is displayed.]]>
    </line>
    <line>
      <![CDATA[[2017-04-04] [17:33:56:563] User enter the Last1491307405164 in the search field]]>
    </line>
    <line>
      <![CDATA[[2017-04-04] [17:33:56:636] Assertion Passed: element btn_searchIcon is displayed.]]>
    </line>
    <line>
      <![CDATA[[2017-04-04] [17:33:58:328] User click on Search Icon]]>
    </line>
    <line>
      <![CDATA[[2017-04-04] [17:33:58:459] TEST PASSED: element txt_patientName with text Last1491307405164 is displayed.]]>
    </line>
    <line>
      <![CDATA[[2017-04-04] [17:33:58:484] Assertion Passed : Patient Name is getting displayed]]>
    </line>
    <line>
      <![CDATA[[2017-04-04] [17:33:58:547] TEST PASSED: element txt_patientName with text Last1491307405164 is displayed.]]>
    </line>
    <line>
      <![CDATA[[2017-04-04] [17:33:58:612] User clicks on Patient Name]]>
    </line>
    <line>
      <![CDATA[[2017-04-04] [17:33:59:192] Assertion Passed: element div_patientPrescribe is displayed.]]>
    </line>
    <line>
      <![CDATA[[2017-04-04] [17:33:59:341] User clicks on Prescribe on Patient Modal]]>
    </line>
    <line>
      <![CDATA[[2017-04-04] [17:33:59:475] TEST PASSED: element span_hdrTxt with text Choose an indication is displayed.]]>
    </line>
    <line>
      <![CDATA[[2017-04-04] [17:33:59:511] Assertion Passed: Header text Choose an indication is displayed correctly]]>
    </line>
    <line>
      <![CDATA[[2017-04-04] [17:33:59:708] User selects Pulmonary Arterial Hypertension from Indications Page]]>
    </line>
    <line>
      <![CDATA[[2017-04-04] [17:33:59:737] TEST PASSED: element span_hdrTxt with text Choose a medication is displayed.]]>
    </line>
    <line>
      <![CDATA[[2017-04-04] [17:33:59:774] Assertion Passed: Header text Choose a medication is displayed correctly]]>
    </line>
    <line>
      <![CDATA[[2017-04-04] [17:34:00:363] TEST PASSED: element span_medicationName with text Orenitram is displayed.]]>
    </line>
    <line>
      <![CDATA[[2017-04-04] [17:34:00:659] TEST PASSED: element span_medicationName with text Orenitram is displayed.]]>
    </line>
    <line>
      <![CDATA[[2017-04-04] [17:34:02:282] Skip this Step is not displayed]]>
    </line>
    <line>
      <![CDATA[[2017-04-04] [17:34:02:327] TEST PASSED: element span_hdrTxt with text Complete Orenitram script for FirstName Last1491307405164 is displayed.]]>
    </line>
    <line>
      <![CDATA[[2017-04-04] [17:34:02:375] Assertion Passed: Header text Complete Orenitram script for FirstName Last1491307405164 is displayed correctly]]>
    </line>
    <line>
      <![CDATA[[2017-04-04] [17:34:18:417] Assertion Passed: element select_gender is displayed.]]>
    </line>
    <line>
      <![CDATA[[2017-04-04] [17:34:18:607] User enter Iodine in Known Drug Allergies field]]>
    </line>
    <line>
      <![CDATA[[2017-04-04] [17:34:18:785] User selects Accredo from pharmacy dropdown]]>
    </line>
    <line>
      <![CDATA[[2017-04-04] [17:34:18:888] User clicks on Step2: Diagnosis]]>
    </line>
    <line>
      <![CDATA[[2017-04-04] [17:34:19:460] Assertion Passed: element update_confirmation is displayed.]]>
    </line>
    <line>
      <![CDATA[[2017-04-04] [17:34:19:490] User clicks on Update patient details]]>
    </line>
    <line>
      <![CDATA[[2017-04-04] [17:34:20:309] Assertion Passed: element select_primaryDiagnosis is displayed.]]>
    </line>
    <line>
      <![CDATA[[2017-04-04] [17:34:20:473] User selects Portal Hypertension (572.3, K76.6) from Primary Diagnosis dropdown]]>
    </line>
    <line>
      <![CDATA[[2017-04-04] [17:34:20:584] User selects No from New Diagnosis dropdown]]>
    </line>
    <line>
      <![CDATA[[2017-04-04] [17:34:20:619] Assertion Passed: element btn_dosage is displayed.]]>
    </line>
    <line>
      <![CDATA[[2017-04-04] [17:34:20:631] User clicks on Step3: Dosage]]>
    </line>
    <line>
      <![CDATA[[2017-04-04] [17:34:21:488] User clicks on 0.125 mg under Strengths field]]>
    </line>
    <line>
      <![CDATA[[2017-04-04] [17:34:22:162] User selects 2 times per day under Frequency field]]>
    </line>
    <line>
      <![CDATA[[2017-04-04] [17:34:22:216] Assertion Passed: element btn_authorize&SavePres is displayed.]]>
    </line>
    <line>
      <![CDATA[[2017-04-04] [17:34:22:914] User clicks on Step 4:Authorize]]>
    </line>
    <line>
      <![CDATA[[2017-04-04] [17:34:24:073] Assertion Passed: element btn_submit is displayed.]]>
    </line>
    <line>
      <![CDATA[[2017-04-04] [17:34:24:111] Assertion Passed: element div_msg is displayed.]]>
    </line>
    <line>
      <![CDATA[[2017-04-04] [17:34:24:245] User clicks on Apply Saved Signature]]>
    </line>
    <line>
      <![CDATA[[2017-04-04] [17:34:24:899] User enters the physician saved Signature]]>
    </line>
    <line>
      <![CDATA[[2017-04-04] [17:34:24:968] User clicks on verify button]]>
    </line>
    <line>
      <![CDATA[[2017-04-04] [17:34:25:547] User clicks on Submit button]]>
    </line>
    <line>
      <![CDATA[[2017-04-04] [17:34:26:956] Assertion Passed: element div_review is displayed.]]>
    </line>
    <line>
      <![CDATA[[2017-04-04] [17:34:26:966] User clicks Review on Confirmation Success Modal]]>
    </line>
    <line>
      <![CDATA[[2017-04-04] [17:34:28:927] User clicks on LogOut]]>
    </line>
    <line>
      <![CDATA[Assertion Passed: PageTitle for ZappRx Clinician Management is exactly: 'ZappRx Clinician Management'.]]>
    </line>
    <line>
      <![CDATA[[2017-04-04] [17:34:29:465] User is on ZappRx Clinician ManagementPage]]>
    </line>
    <line>
      <![CDATA[ ]]>
    </line>
    <line>
      <![CDATA[***** STARTING TEST STEP:- Step04_loginPatientVerifyInPatientValue *****]]>
    </line>
    <line>
      <![CDATA[ ]]>
    </line>
    <line>
      <![CDATA[[2017-04-04] [17:34:30:993] User enters FirstNameLast1491307405164@zapprx.com on Login Page]]>
    </line>
    <line>
      <![CDATA[[2017-04-04] [17:34:31:092] User enters password on Login Page]]>
    </line>
    <line>
      <![CDATA[[2017-04-04] [17:34:31:169] User clicks on Sign in button]]>
    </line>
    <line>
      <![CDATA[[2017-04-04] [17:34:32:801] Assertion Passed: element headerTxt is displayed.]]>
    </line>
    <line>
      <![CDATA[[2017-04-04] [17:34:32:821] Assertion Passed : Header Patient Management is getting displayed on Home Page]]>
    </line>
    <line>
      <![CDATA[[2017-04-04] [17:34:33:349] User clicks on Profile on left navigation bar]]>
    </line>
    <line>
      <![CDATA[[2017-04-04] [17:34:33:388] TEST PASSED: element span_tab with text Medical is displayed.]]>
    </line>
    <line>
      <![CDATA[[2017-04-04] [17:34:33:460] User clicks on Medical Tab]]>
    </line>
    <line>
      <![CDATA[[2017-04-04] [17:34:36:045] User refreshed the page]]>
    </line>
    <line>
      <![CDATA[[2017-04-04] [17:34:36:088] TEST PASSED: element span_tab with text Medical is displayed.]]>
    </line>
    <line>
      <![CDATA[[2017-04-04] [17:34:36:163] User clicks on Medical Tab]]>
    </line>
    <line>
      <![CDATA[[2017-04-04] [17:34:36:200] Assertion Passed: element slct_inPatDis is displayed.]]>
    </line>
    <line>
      <![CDATA[[2017-04-04] [17:34:36:224] Assertion Passed: Value for In-Patient is displayed incorrect]]>
    </line>
    <line>
      <![CDATA[[2017-04-04] [17:34:36:359] User enter username on Admin Portal]]>
    </line>
    <line>
      <![CDATA[[2017-04-04] [17:34:36:405] User enter password on Admin Portal]]>
    </line>
    <line>
      <![CDATA[[2017-04-04] [17:34:38:526] User clicks on LogIn button]]>
    </line>
    <line>
      <![CDATA[[2017-04-04] [17:34:38:816] User clicks on Actors under Zapprx]]>
    </line>
    <line>
      <![CDATA[[2017-04-04] [17:34:39:425] User select the user to be deleted]]>
    </line>
    <line>
      <![CDATA[[2017-04-04] [17:34:39:621] User selects Delete selected actors from Actions Dropdown]]>
    </line>
    <line>
      <![CDATA[[2017-04-04] [17:34:39:952] User clicks on Go button]]>
    </line>
    <line>
      <![CDATA[[2017-04-04] [17:34:40:692] User clicks on Yes, I'm Sure button]]>
    </line>
    <line>
      <![CDATA[[2017-04-04] [17:34:40:710] Assertion Passed: Message Successfully deleted 1 actor. is displayed]]>
    </line>
    <line>
      <![CDATA[
]]>
    </line>
  </reporter-output>
  <suite name="Default suite" duration-ms="93389" started-at="2017-04-04T12:03:07Z" finished-at="2017-04-04T12:04:40Z">
    <groups>
    </groups>
    <test name="Default test" duration-ms="93389" started-at="2017-04-04T12:03:07Z" finished-at="2017-04-04T12:04:40Z">
      <class name="com.zapprx.testing.end2endtests.regression.PrescriptionFlow.PAH.ZQ183Test">
        <test-method status="PASS" signature="Start_Test_Session()[pri:0, instance:com.zapprx.testing.end2endtests.regression.PrescriptionFlow.PAH.ZQ183Test@5622fdf]" name="Start_Test_Session" is-config="true" duration-ms="15352" started-at="2017-04-04T17:33:07Z" finished-at="2017-04-04T17:33:22Z">
          <reporter-output>
            <line>
              <![CDATA[***** STARTING TEST CLASS:- ZQ183Test *****]]>
            </line>
            <line>
              <![CDATA[
The application url is :- http://localhost:8084/physician]]>
            </line>
            <line>
              <![CDATA[The test browser is :- firefox
]]>
            </line>
          </reporter-output>
        </test-method> <!-- Start_Test_Session -->
        <test-method status="PASS" signature="testMethodName(java.lang.reflect.Method)[pri:0, instance:com.zapprx.testing.end2endtests.regression.PrescriptionFlow.PAH.ZQ183Test@5622fdf]" name="testMethodName" is-config="true" duration-ms="3" started-at="2017-04-04T17:33:22Z" finished-at="2017-04-04T17:33:22Z">
          <params>
            <param index="0">
              <value>
                <![CDATA[public void com.zapprx.testing.end2endtests.regression.PrescriptionFlow.PAH.ZQ183Test.Step01_registerPatientAndCompleteProfile()]]>
              </value>
            </param>
          </params>
          <reporter-output>
            <line>
              <![CDATA[ ]]>
            </line>
            <line>
              <![CDATA[***** STARTING TEST STEP:- Step01_registerPatientAndCompleteProfile *****]]>
            </line>
            <line>
              <![CDATA[ ]]>
            </line>
          </reporter-output>
        </test-method> <!-- testMethodName -->
        <test-method status="PASS" signature="Step01_registerPatientAndCompleteProfile()[pri:0, instance:com.zapprx.testing.end2endtests.regression.PrescriptionFlow.PAH.ZQ183Test@5622fdf]" name="Step01_registerPatientAndCompleteProfile" duration-ms="17987" started-at="2017-04-04T17:33:22Z" finished-at="2017-04-04T17:33:40Z">
          <reporter-output>
            <line>
              <![CDATA[Assertion Passed: PageTitle for ZappRx Clinician Management is exactly: 'ZappRx Clinician Management'.]]>
            </line>
            <line>
              <![CDATA[[2017-04-04] [17:33:22:876] User is on ZappRx Clinician ManagementPage]]>
            </line>
            <line>
              <![CDATA[[2017-04-04] [17:33:23:072] User enters lindsay.goldman@zapprx.com on Login Page]]>
            </line>
            <line>
              <![CDATA[[2017-04-04] [17:33:23:200] User enters password on Login Page]]>
            </line>
            <line>
              <![CDATA[[2017-04-04] [17:33:23:298] User clicks on Sign in button]]>
            </line>
            <line>
              <![CDATA[[2017-04-04] [17:33:25:008] Assertion Passed: element headerTxt is displayed.]]>
            </line>
            <line>
              <![CDATA[[2017-04-04] [17:33:25:044] Assertion Passed : Header Clinician Management is getting displayed on Home Page]]>
            </line>
            <line>
              <![CDATA[[2017-04-04] [17:33:25:117] Assertion Passed: element link_register is displayed.]]>
            </line>
            <line>
              <![CDATA[[2017-04-04] [17:33:25:164] Physician clicks on Register to create a new patient]]>
            </line>
            <line>
              <![CDATA[[2017-04-04] [17:33:25:494] User enter FirstName in First Name field]]>
            </line>
            <line>
              <![CDATA[[2017-04-04] [17:33:25:646] User enter Last1491307405164 in Last Name field]]>
            </line>
            <line>
              <![CDATA[[2017-04-04] [17:33:26:876] User enter date 06/08/1976 in Date of Birth field]]>
            </line>
            <line>
              <![CDATA[[2017-04-04] [17:33:27:058] User selects Male from Gender dropdown]]>
            </line>
            <line>
              <![CDATA[[2017-04-04] [17:33:27:111] User clicks on Save Patient]]>
            </line>
            <line>
              <![CDATA[[2017-04-04] [17:33:27:710] User clicks on Complete Profile]]>
            </line>
            <line>
              <![CDATA[[2017-04-04] [17:33:28:898] Assertion Passed: User is on New Patient Registration Page]]>
            </line>
            <line>
              <![CDATA[[2017-04-04] [17:33:28:951] Assertion Passed: element inp_mrn is displayed.]]>
            </line>
            <line>
              <![CDATA[[2017-04-04] [17:33:29:107] Usr enters value in medical record number]]>
            </line>
            <line>
              <![CDATA[[2017-04-04] [17:33:29:353] User enter FirstNameLast1491307405164@zapprx.com in login Email field]]>
            </line>
            <line>
              <![CDATA[[2017-04-04] [17:33:29:483] User enter value in Password field]]>
            </line>
            <line>
              <![CDATA[[2017-04-04] [17:33:29:587] User enter value in Confirm Password field]]>
            </line>
            <line>
              <![CDATA[[2017-04-04] [17:33:29:687] User enter value in Height field]]>
            </line>
            <line>
              <![CDATA[[2017-04-04] [17:33:29:844] User enter value in Weight field]]>
            </line>
            <line>
              <![CDATA[[2017-04-04] [17:33:30:065] User selects inches from Height Units dropdown]]>
            </line>
            <line>
              <![CDATA[[2017-04-04] [17:33:30:248] User selects kgs from Weight Units dropdown]]>
            </line>
            <line>
              <![CDATA[[2017-04-04] [17:33:30:248] User enters name in Contact Name field]]>
            </line>
            <line>
              <![CDATA[[2017-04-04] [17:33:30:387] User enter text in Address1 field]]>
            </line>
            <line>
              <![CDATA[[2017-04-04] [17:33:30:514] User enter text in City field]]>
            </line>
            <line>
              <![CDATA[[2017-04-04] [17:33:30:666] User selects MA from State dropdown]]>
            </line>
            <line>
              <![CDATA[[2017-04-04] [17:33:30:760] User enter value in Zip field]]>
            </line>
            <line>
              <![CDATA[[2017-04-04] [17:33:30:973] User enter value inFirstNameLast1491307405164@zapprx.comEmail field]]>
            </line>
            <line>
              <![CDATA[[2017-04-04] [17:33:31:084] User enter value in Main Phone field]]>
            </line>
            <line>
              <![CDATA[[2017-04-04] [17:33:31:238] User enter value in Contact Name field]]>
            </line>
            <line>
              <![CDATA[[2017-04-04] [17:33:31:346] User enter value in Relationship field]]>
            </line>
            <line>
              <![CDATA[[2017-04-04] [17:33:31:455] User enter value in Phone field]]>
            </line>
            <line>
              <![CDATA[[2017-04-04] [17:33:31:567] User clicks on Add Insurance button]]>
            </line>
            <line>
              <![CDATA[[2017-04-04] [17:33:31:782] Assertion Passed: element txt_breadcrumb is displayed.]]>
            </line>
            <line>
              <![CDATA[[2017-04-04] [17:33:31:798] Assertion Passed: User is on Insurance Information Page]]>
            </line>
            <line>
              <![CDATA[[2017-04-04] [17:33:32:356] User enter value Blue Cross Blue Shield in Insurance Company Name field]]>
            </line>
            <line>
              <![CDATA[[2017-04-04] [17:33:32:538] User selects valueFL in State field]]>
            </line>
            <line>
              <![CDATA[[2017-04-04] [17:33:32:648] User enter value Phone field]]>
            </line>
            <line>
              <![CDATA[[2017-04-04] [17:33:32:731] User enter value in Policy Id field]]>
            </line>
            <line>
              <![CDATA[[2017-04-04] [17:33:32:840] User enter value FLBCS in Group Number field]]>
            </line>
            <line>
              <![CDATA[[2017-04-04] [17:33:33:001] User selects Self from 'Policy Holder Relationship' dropdown]]>
            </line>
            <line>
              <![CDATA[[2017-04-04] [17:33:33:211] User enter value in Policy Holder Employer Name field]]>
            </line>
            <line>
              <![CDATA[[2017-04-04] [17:33:33:271] TEST PASSED: element btn_next with text Clinical is displayed.]]>
            </line>
            <line>
              <![CDATA[[2017-04-04] [17:33:33:284] User clicks on Step 3: Clinical button]]>
            </line>
            <line>
              <![CDATA[[2017-04-04] [17:33:33:444] Assertion Passed: element txt_breadcrumb is displayed.]]>
            </line>
            <line>
              <![CDATA[[2017-04-04] [17:33:33:470] Assertion Passed: User is on Clinical Information Page]]>
            </line>
            <line>
              <![CDATA[[2017-04-04] [17:33:33:555] User enter value Iodine in Known Drug Allergies]]>
            </line>
            <line>
              <![CDATA[[2017-04-04] [17:33:33:699] User selects No from 'Is the patient diabetic?'  dropdown]]>
            </line>
            <line>
              <![CDATA[[2017-04-04] [17:33:33:831] User selects Yes from 'Does the patient have high blood pressure?' dropdown]]>
            </line>
            <line>
              <![CDATA[[2017-04-04] [17:33:33:959] User selects Yes from 'Does the patient have latex allergy?' dropdown]]>
            </line>
            <line>
              <![CDATA[[2017-04-04] [17:33:33:971] User clicks on Complete Registration]]>
            </line>
            <line>
              <![CDATA[[2017-04-04] [17:33:36:350] User clicks on Home button]]>
            </line>
            <line>
              <![CDATA[[2017-04-04] [17:33:36:931] Assertion Passed: element link_patients is displayed.]]>
            </line>
            <line>
              <![CDATA[[2017-04-04] [17:33:37:529] user clicks on Patients]]>
            </line>
            <line>
              <![CDATA[[2017-04-04] [17:33:37:733] Assertion Passed: element inp_search is displayed.]]>
            </line>
            <line>
              <![CDATA[[2017-04-04] [17:33:37:924] User enter the Last1491307405164 in the search field]]>
            </line>
            <line>
              <![CDATA[[2017-04-04] [17:33:38:005] Assertion Passed: element btn_searchIcon is displayed.]]>
            </line>
            <line>
              <![CDATA[[2017-04-04] [17:33:39:495] User click on Search Icon]]>
            </line>
            <line>
              <![CDATA[[2017-04-04] [17:33:39:620] TEST PASSED: element txt_patientName with text Last1491307405164 is displayed.]]>
            </line>
            <line>
              <![CDATA[[2017-04-04] [17:33:39:653] Assertion Passed : Patient Name is getting displayed]]>
            </line>
            <line>
              <![CDATA[[2017-04-04] [17:33:40:201] User clicks on LogOut]]>
            </line>
            <line>
              <![CDATA[Assertion Passed: PageTitle for ZappRx Clinician Management is exactly: 'ZappRx Clinician Management'.]]>
            </line>
            <line>
              <![CDATA[[2017-04-04] [17:33:40:745] User is on ZappRx Clinician ManagementPage]]>
            </line>
          </reporter-output>
        </test-method> <!-- Step01_registerPatientAndCompleteProfile -->
        <test-method status="PASS" signature="take_screenshot_on_failure(org.testng.ITestResult)[pri:0, instance:com.zapprx.testing.end2endtests.regression.PrescriptionFlow.PAH.ZQ183Test@5622fdf]" name="take_screenshot_on_failure" is-config="true" duration-ms="1" started-at="2017-04-04T17:33:40Z" finished-at="2017-04-04T17:33:40Z">
          <params>
            <param index="0">
              <value>
                <![CDATA[[TestResult name=Step01_registerPatientAndCompleteProfile status=SUCCESS method=ZQ183Test.Step01_registerPatientAndCompleteProfile()[pri:0, instance:com.zapprx.testing.end2endtests.regression.PrescriptionFlow.PAH.ZQ183Test@5622fdf] output=Assertion Passed: PageTitle for ZappRx Clinician Management is exactly: 'ZappRx Clinician Management'.]]]>
              </value>
            </param>
          </params>
          <reporter-output>
          </reporter-output>
        </test-method> <!-- take_screenshot_on_failure -->
        <test-method status="PASS" signature="Step02_loginPatientAndModifyInPatient()[pri:0, instance:com.zapprx.testing.end2endtests.regression.PrescriptionFlow.PAH.ZQ183Test@5622fdf]" name="Step02_loginPatientAndModifyInPatient" duration-ms="7861" started-at="2017-04-04T17:33:40Z" finished-at="2017-04-04T17:33:48Z">
          <reporter-output>
            <line>
              <![CDATA[[2017-04-04] [17:33:45:408] User enters FirstNameLast1491307405164@zapprx.com on Login Page]]>
            </line>
            <line>
              <![CDATA[[2017-04-04] [17:33:45:518] User enters password on Login Page]]>
            </line>
            <line>
              <![CDATA[[2017-04-04] [17:33:45:594] User clicks on Sign in button]]>
            </line>
            <line>
              <![CDATA[[2017-04-04] [17:33:47:209] Assertion Passed: element headerTxt is displayed.]]>
            </line>
            <line>
              <![CDATA[[2017-04-04] [17:33:47:229] Assertion Passed : Header Patient Management is getting displayed on Home Page]]>
            </line>
            <line>
              <![CDATA[[2017-04-04] [17:33:47:333] User clicks on Profile on left navigation bar]]>
            </line>
            <line>
              <![CDATA[[2017-04-04] [17:33:47:858] TEST PASSED: element span_tab with text Medical is displayed.]]>
            </line>
            <line>
              <![CDATA[[2017-04-04] [17:33:47:932] User clicks on Medical Tab]]>
            </line>
            <line>
              <![CDATA[[2017-04-04] [17:33:48:076] User clicks on Edit Profile]]>
            </line>
            <line>
              <![CDATA[[2017-04-04] [17:33:48:195] User selects Yes from In-Patient dropdown]]>
            </line>
            <line>
              <![CDATA[[2017-04-04] [17:33:48:311] User clicks on Save]]>
            </line>
            <line>
              <![CDATA[[2017-04-04] [17:33:48:348] Assertion Passed: element span_drpdwnProfile is displayed.]]>
            </line>
            <line>
              <![CDATA[[2017-04-04] [17:33:48:369] User clicks on LogOut at Patient End]]>
            </line>
            <line>
              <![CDATA[Assertion Passed: PageTitle for ZappRx Patient Portal is exactly: 'ZappRx Patient Portal'.]]>
            </line>
            <line>
              <![CDATA[[2017-04-04] [17:33:48:608] User is on ZappRx Patient PortalPage]]>
            </line>
          </reporter-output>
        </test-method> <!-- Step02_loginPatientAndModifyInPatient -->
        <test-method status="PASS" signature="testMethodName(java.lang.reflect.Method)[pri:0, instance:com.zapprx.testing.end2endtests.regression.PrescriptionFlow.PAH.ZQ183Test@5622fdf]" name="testMethodName" is-config="true" duration-ms="0" started-at="2017-04-04T17:33:40Z" finished-at="2017-04-04T17:33:40Z">
          <params>
            <param index="0">
              <value>
                <![CDATA[public void com.zapprx.testing.end2endtests.regression.PrescriptionFlow.PAH.ZQ183Test.Step02_loginPatientAndModifyInPatient()]]>
              </value>
            </param>
          </params>
          <reporter-output>
            <line>
              <![CDATA[ ]]>
            </line>
            <line>
              <![CDATA[***** STARTING TEST STEP:- Step02_loginPatientAndModifyInPatient *****]]>
            </line>
            <line>
              <![CDATA[ ]]>
            </line>
          </reporter-output>
        </test-method> <!-- testMethodName -->
        <test-method status="PASS" signature="take_screenshot_on_failure(org.testng.ITestResult)[pri:0, instance:com.zapprx.testing.end2endtests.regression.PrescriptionFlow.PAH.ZQ183Test@5622fdf]" name="take_screenshot_on_failure" is-config="true" duration-ms="1" started-at="2017-04-04T17:33:48Z" finished-at="2017-04-04T17:33:48Z">
          <params>
            <param index="0">
              <value>
                <![CDATA[[TestResult name=Step02_loginPatientAndModifyInPatient status=SUCCESS method=ZQ183Test.Step02_loginPatientAndModifyInPatient()[pri:0, instance:com.zapprx.testing.end2endtests.regression.PrescriptionFlow.PAH.ZQ183Test@5622fdf] output=[2017-04-04] [17:33:45:408] User enters FirstNameLast1491307405164@zapprx.com on Login Page]]]>
              </value>
            </param>
          </params>
          <reporter-output>
          </reporter-output>
        </test-method> <!-- take_screenshot_on_failure -->
        <test-method status="PASS" signature="testMethodName(java.lang.reflect.Method)[pri:0, instance:com.zapprx.testing.end2endtests.regression.PrescriptionFlow.PAH.ZQ183Test@5622fdf]" name="testMethodName" is-config="true" duration-ms="1" started-at="2017-04-04T17:33:48Z" finished-at="2017-04-04T17:33:48Z">
          <params>
            <param index="0">
              <value>
                <![CDATA[public void com.zapprx.testing.end2endtests.regression.PrescriptionFlow.PAH.ZQ183Test.Step03_physicianPrescibeMedAndAuthorize()]]>
              </value>
            </param>
          </params>
          <reporter-output>
            <line>
              <![CDATA[ ]]>
            </line>
            <line>
              <![CDATA[***** STARTING TEST STEP:- Step03_physicianPrescibeMedAndAuthorize *****]]>
            </line>
            <line>
              <![CDATA[ ]]>
            </line>
          </reporter-output>
        </test-method> <!-- testMethodName -->
        <test-method status="PASS" signature="Step03_physicianPrescibeMedAndAuthorize()[pri:0, instance:com.zapprx.testing.end2endtests.regression.PrescriptionFlow.PAH.ZQ183Test@5622fdf]" name="Step03_physicianPrescibeMedAndAuthorize" duration-ms="40855" started-at="2017-04-04T17:33:48Z" finished-at="2017-04-04T17:34:29Z">
          <reporter-output>
            <line>
              <![CDATA[[2017-04-04] [17:33:50:658] User refreshed the page]]>
            </line>
            <line>
              <![CDATA[[2017-04-04] [17:33:53:252] User enters lindsay.goldman@zapprx.com on Login Page]]>
            </line>
            <line>
              <![CDATA[[2017-04-04] [17:33:53:335] User enters password on Login Page]]>
            </line>
            <line>
              <![CDATA[[2017-04-04] [17:33:53:435] User clicks on Sign in button]]>
            </line>
            <line>
              <![CDATA[[2017-04-04] [17:33:55:082] Assertion Passed: element headerTxt is displayed.]]>
            </line>
            <line>
              <![CDATA[[2017-04-04] [17:33:55:110] Assertion Passed : Header Clinician Management is getting displayed on Home Page]]>
            </line>
            <line>
              <![CDATA[[2017-04-04] [17:33:55:664] Assertion Passed: element link_patients is displayed.]]>
            </line>
            <line>
              <![CDATA[[2017-04-04] [17:33:56:343] user clicks on Patients]]>
            </line>
            <line>
              <![CDATA[[2017-04-04] [17:33:56:426] Assertion Passed: element inp_search is displayed.]]>
            </line>
            <line>
              <![CDATA[[2017-04-04] [17:33:56:563] User enter the Last1491307405164 in the search field]]>
            </line>
            <line>
              <![CDATA[[2017-04-04] [17:33:56:636] Assertion Passed: element btn_searchIcon is displayed.]]>
            </line>
            <line>
              <![CDATA[[2017-04-04] [17:33:58:328] User click on Search Icon]]>
            </line>
            <line>
              <![CDATA[[2017-04-04] [17:33:58:459] TEST PASSED: element txt_patientName with text Last1491307405164 is displayed.]]>
            </line>
            <line>
              <![CDATA[[2017-04-04] [17:33:58:484] Assertion Passed : Patient Name is getting displayed]]>
            </line>
            <line>
              <![CDATA[[2017-04-04] [17:33:58:547] TEST PASSED: element txt_patientName with text Last1491307405164 is displayed.]]>
            </line>
            <line>
              <![CDATA[[2017-04-04] [17:33:58:612] User clicks on Patient Name]]>
            </line>
            <line>
              <![CDATA[[2017-04-04] [17:33:59:192] Assertion Passed: element div_patientPrescribe is displayed.]]>
            </line>
            <line>
              <![CDATA[[2017-04-04] [17:33:59:341] User clicks on Prescribe on Patient Modal]]>
            </line>
            <line>
              <![CDATA[[2017-04-04] [17:33:59:475] TEST PASSED: element span_hdrTxt with text Choose an indication is displayed.]]>
            </line>
            <line>
              <![CDATA[[2017-04-04] [17:33:59:511] Assertion Passed: Header text Choose an indication is displayed correctly]]>
            </line>
            <line>
              <![CDATA[[2017-04-04] [17:33:59:708] User selects Pulmonary Arterial Hypertension from Indications Page]]>
            </line>
            <line>
              <![CDATA[[2017-04-04] [17:33:59:737] TEST PASSED: element span_hdrTxt with text Choose a medication is displayed.]]>
            </line>
            <line>
              <![CDATA[[2017-04-04] [17:33:59:774] Assertion Passed: Header text Choose a medication is displayed correctly]]>
            </line>
            <line>
              <![CDATA[[2017-04-04] [17:34:00:363] TEST PASSED: element span_medicationName with text Orenitram is displayed.]]>
            </line>
            <line>
              <![CDATA[[2017-04-04] [17:34:00:659] TEST PASSED: element span_medicationName with text Orenitram is displayed.]]>
            </line>
            <line>
              <![CDATA[[2017-04-04] [17:34:02:282] Skip this Step is not displayed]]>
            </line>
            <line>
              <![CDATA[[2017-04-04] [17:34:02:327] TEST PASSED: element span_hdrTxt with text Complete Orenitram script for FirstName Last1491307405164 is displayed.]]>
            </line>
            <line>
              <![CDATA[[2017-04-04] [17:34:02:375] Assertion Passed: Header text Complete Orenitram script for FirstName Last1491307405164 is displayed correctly]]>
            </line>
            <line>
              <![CDATA[[2017-04-04] [17:34:18:417] Assertion Passed: element select_gender is displayed.]]>
            </line>
            <line>
              <![CDATA[[2017-04-04] [17:34:18:607] User enter Iodine in Known Drug Allergies field]]>
            </line>
            <line>
              <![CDATA[[2017-04-04] [17:34:18:785] User selects Accredo from pharmacy dropdown]]>
            </line>
            <line>
              <![CDATA[[2017-04-04] [17:34:18:888] User clicks on Step2: Diagnosis]]>
            </line>
            <line>
              <![CDATA[[2017-04-04] [17:34:19:460] Assertion Passed: element update_confirmation is displayed.]]>
            </line>
            <line>
              <![CDATA[[2017-04-04] [17:34:19:490] User clicks on Update patient details]]>
            </line>
            <line>
              <![CDATA[[2017-04-04] [17:34:20:309] Assertion Passed: element select_primaryDiagnosis is displayed.]]>
            </line>
            <line>
              <![CDATA[[2017-04-04] [17:34:20:473] User selects Portal Hypertension (572.3, K76.6) from Primary Diagnosis dropdown]]>
            </line>
            <line>
              <![CDATA[[2017-04-04] [17:34:20:584] User selects No from New Diagnosis dropdown]]>
            </line>
            <line>
              <![CDATA[[2017-04-04] [17:34:20:619] Assertion Passed: element btn_dosage is displayed.]]>
            </line>
            <line>
              <![CDATA[[2017-04-04] [17:34:20:631] User clicks on Step3: Dosage]]>
            </line>
            <line>
              <![CDATA[[2017-04-04] [17:34:21:488] User clicks on 0.125 mg under Strengths field]]>
            </line>
            <line>
              <![CDATA[[2017-04-04] [17:34:22:162] User selects 2 times per day under Frequency field]]>
            </line>
            <line>
              <![CDATA[[2017-04-04] [17:34:22:216] Assertion Passed: element btn_authorize&SavePres is displayed.]]>
            </line>
            <line>
              <![CDATA[[2017-04-04] [17:34:22:914] User clicks on Step 4:Authorize]]>
            </line>
            <line>
              <![CDATA[[2017-04-04] [17:34:24:073] Assertion Passed: element btn_submit is displayed.]]>
            </line>
            <line>
              <![CDATA[[2017-04-04] [17:34:24:111] Assertion Passed: element div_msg is displayed.]]>
            </line>
            <line>
              <![CDATA[[2017-04-04] [17:34:24:245] User clicks on Apply Saved Signature]]>
            </line>
            <line>
              <![CDATA[[2017-04-04] [17:34:24:899] User enters the physician saved Signature]]>
            </line>
            <line>
              <![CDATA[[2017-04-04] [17:34:24:968] User clicks on verify button]]>
            </line>
            <line>
              <![CDATA[[2017-04-04] [17:34:25:547] User clicks on Submit button]]>
            </line>
            <line>
              <![CDATA[[2017-04-04] [17:34:26:956] Assertion Passed: element div_review is displayed.]]>
            </line>
            <line>
              <![CDATA[[2017-04-04] [17:34:26:966] User clicks Review on Confirmation Success Modal]]>
            </line>
            <line>
              <![CDATA[[2017-04-04] [17:34:28:927] User clicks on LogOut]]>
            </line>
            <line>
              <![CDATA[Assertion Passed: PageTitle for ZappRx Clinician Management is exactly: 'ZappRx Clinician Management'.]]>
            </line>
            <line>
              <![CDATA[[2017-04-04] [17:34:29:465] User is on ZappRx Clinician ManagementPage]]>
            </line>
          </reporter-output>
        </test-method> <!-- Step03_physicianPrescibeMedAndAuthorize -->
        <test-method status="PASS" signature="take_screenshot_on_failure(org.testng.ITestResult)[pri:0, instance:com.zapprx.testing.end2endtests.regression.PrescriptionFlow.PAH.ZQ183Test@5622fdf]" name="take_screenshot_on_failure" is-config="true" duration-ms="0" started-at="2017-04-04T17:34:29Z" finished-at="2017-04-04T17:34:29Z">
          <params>
            <param index="0">
              <value>
                <![CDATA[[TestResult name=Step03_physicianPrescibeMedAndAuthorize status=SUCCESS method=ZQ183Test.Step03_physicianPrescibeMedAndAuthorize()[pri:0, instance:com.zapprx.testing.end2endtests.regression.PrescriptionFlow.PAH.ZQ183Test@5622fdf] output=[2017-04-04] [17:33:50:658] User refreshed the page]]]>
              </value>
            </param>
          </params>
          <reporter-output>
          </reporter-output>
        </test-method> <!-- take_screenshot_on_failure -->
        <test-method status="PASS" signature="Step04_loginPatientVerifyInPatientValue()[pri:0, instance:com.zapprx.testing.end2endtests.regression.PrescriptionFlow.PAH.ZQ183Test@5622fdf]" name="Step04_loginPatientVerifyInPatientValue" duration-ms="6756" started-at="2017-04-04T17:34:29Z" finished-at="2017-04-04T17:34:36Z">
          <reporter-output>
            <line>
              <![CDATA[[2017-04-04] [17:34:30:993] User enters FirstNameLast1491307405164@zapprx.com on Login Page]]>
            </line>
            <line>
              <![CDATA[[2017-04-04] [17:34:31:092] User enters password on Login Page]]>
            </line>
            <line>
              <![CDATA[[2017-04-04] [17:34:31:169] User clicks on Sign in button]]>
            </line>
            <line>
              <![CDATA[[2017-04-04] [17:34:32:801] Assertion Passed: element headerTxt is displayed.]]>
            </line>
            <line>
              <![CDATA[[2017-04-04] [17:34:32:821] Assertion Passed : Header Patient Management is getting displayed on Home Page]]>
            </line>
            <line>
              <![CDATA[[2017-04-04] [17:34:33:349] User clicks on Profile on left navigation bar]]>
            </line>
            <line>
              <![CDATA[[2017-04-04] [17:34:33:388] TEST PASSED: element span_tab with text Medical is displayed.]]>
            </line>
            <line>
              <![CDATA[[2017-04-04] [17:34:33:460] User clicks on Medical Tab]]>
            </line>
            <line>
              <![CDATA[[2017-04-04] [17:34:36:045] User refreshed the page]]>
            </line>
            <line>
              <![CDATA[[2017-04-04] [17:34:36:088] TEST PASSED: element span_tab with text Medical is displayed.]]>
            </line>
            <line>
              <![CDATA[[2017-04-04] [17:34:36:163] User clicks on Medical Tab]]>
            </line>
            <line>
              <![CDATA[[2017-04-04] [17:34:36:200] Assertion Passed: element slct_inPatDis is displayed.]]>
            </line>
            <line>
              <![CDATA[[2017-04-04] [17:34:36:224] Assertion Passed: Value for In-Patient is displayed incorrect]]>
            </line>
          </reporter-output>
        </test-method> <!-- Step04_loginPatientVerifyInPatientValue -->
        <test-method status="PASS" signature="testMethodName(java.lang.reflect.Method)[pri:0, instance:com.zapprx.testing.end2endtests.regression.PrescriptionFlow.PAH.ZQ183Test@5622fdf]" name="testMethodName" is-config="true" duration-ms="0" started-at="2017-04-04T17:34:29Z" finished-at="2017-04-04T17:34:29Z">
          <params>
            <param index="0">
              <value>
                <![CDATA[public void com.zapprx.testing.end2endtests.regression.PrescriptionFlow.PAH.ZQ183Test.Step04_loginPatientVerifyInPatientValue()]]>
              </value>
            </param>
          </params>
          <reporter-output>
            <line>
              <![CDATA[ ]]>
            </line>
            <line>
              <![CDATA[***** STARTING TEST STEP:- Step04_loginPatientVerifyInPatientValue *****]]>
            </line>
            <line>
              <![CDATA[ ]]>
            </line>
          </reporter-output>
        </test-method> <!-- testMethodName -->
        <test-method status="PASS" signature="take_screenshot_on_failure(org.testng.ITestResult)[pri:0, instance:com.zapprx.testing.end2endtests.regression.PrescriptionFlow.PAH.ZQ183Test@5622fdf]" name="take_screenshot_on_failure" is-config="true" duration-ms="1" started-at="2017-04-04T17:34:36Z" finished-at="2017-04-04T17:34:36Z">
          <params>
            <param index="0">
              <value>
                <![CDATA[[TestResult name=Step04_loginPatientVerifyInPatientValue status=SUCCESS method=ZQ183Test.Step04_loginPatientVerifyInPatientValue()[pri:0, instance:com.zapprx.testing.end2endtests.regression.PrescriptionFlow.PAH.ZQ183Test@5622fdf] output=[2017-04-04] [17:34:30:993] User enters FirstNameLast1491307405164@zapprx.com on Login Page]]]>
              </value>
            </param>
          </params>
          <reporter-output>
          </reporter-output>
        </test-method> <!-- take_screenshot_on_failure -->
        <test-method status="PASS" signature="delete_Patient()[pri:0, instance:com.zapprx.testing.end2endtests.regression.PrescriptionFlow.PAH.ZQ183Test@5622fdf]" name="delete_Patient" is-config="true" duration-ms="4484" started-at="2017-04-04T17:34:36Z" finished-at="2017-04-04T17:34:40Z">
          <reporter-output>
            <line>
              <![CDATA[[2017-04-04] [17:34:36:359] User enter username on Admin Portal]]>
            </line>
            <line>
              <![CDATA[[2017-04-04] [17:34:36:405] User enter password on Admin Portal]]>
            </line>
            <line>
              <![CDATA[[2017-04-04] [17:34:38:526] User clicks on LogIn button]]>
            </line>
            <line>
              <![CDATA[[2017-04-04] [17:34:38:816] User clicks on Actors under Zapprx]]>
            </line>
            <line>
              <![CDATA[[2017-04-04] [17:34:39:425] User select the user to be deleted]]>
            </line>
            <line>
              <![CDATA[[2017-04-04] [17:34:39:621] User selects Delete selected actors from Actions Dropdown]]>
            </line>
            <line>
              <![CDATA[[2017-04-04] [17:34:39:952] User clicks on Go button]]>
            </line>
            <line>
              <![CDATA[[2017-04-04] [17:34:40:692] User clicks on Yes, I'm Sure button]]>
            </line>
            <line>
              <![CDATA[[2017-04-04] [17:34:40:710] Assertion Passed: Message Successfully deleted 1 actor. is displayed]]>
            </line>
          </reporter-output>
        </test-method> <!-- delete_Patient -->
        <test-method status="PASS" signature="close_Test_Session()[pri:0, instance:com.zapprx.testing.end2endtests.regression.PrescriptionFlow.PAH.ZQ183Test@5622fdf]" name="close_Test_Session" is-config="true" duration-ms="71" started-at="2017-04-04T17:34:40Z" finished-at="2017-04-04T17:34:40Z">
          <reporter-output>
            <line>
              <![CDATA[
]]>
            </line>
          </reporter-output>
        </test-method> <!-- close_Test_Session -->
      </class> <!-- com.zapprx.testing.end2endtests.regression.PrescriptionFlow.PAH.ZQ183Test -->
    </test> <!-- Default test -->
  </suite> <!-- Default suite -->
</testng-results>
